<?xml version="1.0" encoding="UTF-8"?>
<!-- Generated by org.testng.reporters.JUnitXMLReporter -->
<testsuite ignored="0" hostname="HASEEFRAWTHAR" failures="0" tests="9" name="active students" time="319.765" errors="0" timestamp="2022-01-23T16:27:20 IST">
  <testcase classname="com.bounceadmin.testscript.ActiveStudents" name="filterByCountry" time="48.686"/>
  <testcase classname="com.bounceadmin.testscript.ActiveStudents" name="filterByNurseryName" time="42.543"/>
  <testcase classname="com.bounceadmin.testscript.ActiveStudents" name="filterByCountryNursery" time="74.058"/>
  <testcase classname="com.bounceadmin.testscript.ActiveStudents" name="filterByCountryNurseryFromDate" time="56.283"/>
  <testcase classname="com.bounceadmin.testscript.ActiveStudents" name="filterByCountryNurseryToDate" time="46.549"/>
  <testcase classname="com.bounceadmin.testscript.ActiveStudents" name="filterByCountryFromAndToDate" time="11.366"/>
  <testcase classname="com.bounceadmin.testscript.ActiveStudents" name="filterByNurseryFromAndToDate" time="11.645"/>
  <testcase classname="com.bounceadmin.testscript.ActiveStudents" name="filterByCountryNurserySameDate" time="5.804"/>
  <testcase classname="com.bounceadmin.testscript.ActiveStudents" name="filterByCountryNurseryFromAndToDate" time="14.123"/>
</testsuite> <!-- active students -->
