<?xml version="1.0" encoding="UTF-8"?>
<!-- Generated by org.testng.reporters.JUnitXMLReporter -->
<testsuite ignored="0" hostname="HASEEFRAWTHAR" failures="0" tests="2" name="Actiity Report Test" time="68.479" errors="0" timestamp="2022-01-23T16:21:26 IST">
  <testcase classname="com.bounceadmin.testscript.ActivityReport" name="filterReportByCountry" time="8.943"/>
  <testcase classname="com.bounceadmin.testscript.ActivityReport" name="filterReportByNurseryName" time="3.73"/>
</testsuite> <!-- Actiity Report Test -->
