<?xml version="1.0" encoding="UTF-8"?>
<!-- Generated by org.testng.reporters.JUnitXMLReporter -->
<testsuite ignored="0" hostname="HASEEFRAWTHAR" failures="0" tests="9" name="Add Staff Test" time="95.767" errors="0" timestamp="2022-01-23T17:16:32 IST">
  <testcase classname="com.bounceadmin.testscript.AddStaff" name="verifyMandatoryMsg" time="5.197"/>
  <testcase classname="com.bounceadmin.testscript.AddStaff" name="addStaffAsBounceAdmin" time="9.193"/>
  <testcase classname="com.bounceadmin.testscript.AddStaff" name="addStaffAsCustomerSupportAgent" time="11.214"/>
  <testcase classname="com.bounceadmin.testscript.AddStaff" name="addStaffAsSupportAgent" time="10.663"/>
  <testcase classname="com.bounceadmin.testscript.AddStaff" name="addStaffAsTestAdmin" time="10.017"/>
  <testcase classname="com.bounceadmin.testscript.AddStaff" name="addStaffAsSupportAdmin" time="10.239"/>
  <testcase classname="com.bounceadmin.testscript.AddStaff" name="addStaffAsSupportAgentAssistant" time="9.915"/>
  <testcase classname="com.bounceadmin.testscript.AddStaff" name="addStaffAsFinance" time="10.462"/>
  <testcase classname="com.bounceadmin.testscript.AddStaff" name="addStaffWithMultiRoles" time="11.036"/>
</testsuite> <!-- Add Staff Test -->
