<?xml version="1.0" encoding="UTF-8"?>
<!-- Generated by org.testng.reporters.JUnitXMLReporter -->
<testsuite ignored="0" hostname="HASEEFRAWTHAR" failures="0" tests="9" name="Add Nursery Test" time="200.272" errors="0" timestamp="2022-01-23T17:14:56 IST">
  <testcase classname="com.bounceadmin.testscript.AddNursery" name="verifyMandatoryMsgVisibleWithoutOnlinePayment" time="7.012"/>
  <testcase classname="com.bounceadmin.testscript.AddNursery" name="verifyMandatoryMsgVisibleWithOnlinePayment" time="5.373"/>
  <testcase classname="com.bounceadmin.testscript.AddNursery" name="verifyMandatoryMsgVisibleForOwner" time="2.176"/>
  <testcase classname="com.bounceadmin.testscript.AddNursery" name="verifyAddNurserywithMnadatoryOnly" time="22.734"/>
  <testcase classname="com.bounceadmin.testscript.AddNursery" name="verifyAddNurserywithAllFieldsWithOutOnlinePayment" time="37.056"/>
  <testcase classname="com.bounceadmin.testscript.AddNursery" name="AddNurseryWithOnlinePayment" time="29.98"/>
  <testcase classname="com.bounceadmin.testscript.AddNursery" name="verifyAddNurserywithAllFieldsWithOnlinePayment" time="45.746"/>
  <testcase classname="com.bounceadmin.testscript.AddNursery" name="listandViewNurseryDetails" time="20.507"/>
  <testcase classname="com.bounceadmin.testscript.AddNursery" name="editNursery" time="20.755"/>
</testsuite> <!-- Add Nursery Test -->
