<?xml version="1.0" encoding="UTF-8"?>
<!-- Generated by org.testng.reporters.JUnitXMLReporter -->
<testsuite ignored="0" hostname="HASEEFRAWTHAR" failures="0" tests="3" name="Dashboard" time="25.619" errors="0" timestamp="2022-01-23T16:09:04 IST">
  <testcase classname="com.bounceadmin.testscript.Dashboard" name="verifyDashboardData" time="3.227"/>
  <testcase classname="com.bounceadmin.testscript.Dashboard" name="switchToBounceSuperAdmin" time="8.261"/>
  <testcase classname="com.bounceadmin.testscript.Dashboard" name="switchToBounceAdmin" time="6.244"/>
</testsuite> <!-- Dashboard -->
