<?xml version="1.0" encoding="UTF-8"?>
<!-- Generated by org.testng.reporters.JUnitXMLReporter -->
<testsuite ignored="0" hostname="HASEEF" failures="0" tests="2" name="DAU Report Test" time="262.366" errors="0" timestamp="2021-06-18T12:09:42 IST">
  <testcase classname="com.bounceadmin.testscript.DAUReport" name="filterReportByCountry" time="113.896"/>
  <testcase classname="com.bounceadmin.testscript.DAUReport" name="filterReportByNurseryName" time="144.201"/>
</testsuite> <!-- DAU Report Test -->
