<?xml version="1.0" encoding="UTF-8"?>
<!-- Generated by org.testng.reporters.JUnitXMLReporter -->
<testsuite ignored="0" hostname="HASEEFRAWTHAR" failures="0" tests="22" name="List Staff Test" time="175.654" errors="0" timestamp="2022-01-23T16:42:07 IST">
  <testcase classname="com.bounceadmin.testscript.StaffList" name="listAndViewStaffDetails" time="10.735"/>
  <testcase classname="com.bounceadmin.testscript.StaffList" name="deactivateStaff" time="8.318"/>
  <testcase classname="com.bounceadmin.testscript.StaffList" name="activateStaff" time="7.942"/>
  <testcase classname="com.bounceadmin.testscript.StaffList" name="verifyMultiRolesForSingleName" time="6.107"/>
  <testcase classname="com.bounceadmin.testscript.StaffList" name="filterStaffByName" time="4.381"/>
  <testcase classname="com.bounceadmin.testscript.StaffList" name="filterStaffByEmail" time="3.918"/>
  <testcase classname="com.bounceadmin.testscript.StaffList" name="filterStaffByStatus" time="28.637"/>
  <testcase classname="com.bounceadmin.testscript.StaffList" name="filterStaffByRole" time="7.0"/>
  <testcase classname="com.bounceadmin.testscript.StaffList" name="filterStaffByNameAndEmail" time="5.59"/>
  <testcase classname="com.bounceadmin.testscript.StaffList" name="filterStaffByNameAndStatus" time="4.97"/>
  <testcase classname="com.bounceadmin.testscript.StaffList" name="filterStaffByNameAndRole" time="3.563"/>
  <testcase classname="com.bounceadmin.testscript.StaffList" name="filterStaffByEmailAndStatus" time="5.344"/>
  <testcase classname="com.bounceadmin.testscript.StaffList" name="filterStaffByEmailAndRole" time="3.61"/>
  <testcase classname="com.bounceadmin.testscript.StaffList" name="filterStaffByStatusAndRole" time="8.944"/>
  <testcase classname="com.bounceadmin.testscript.StaffList" name="filterStaffByNameEmailAndRole" time="4.241"/>
  <testcase classname="com.bounceadmin.testscript.StaffList" name="filterStaffByNameEmailAndStatus" time="6.575"/>
  <testcase classname="com.bounceadmin.testscript.StaffList" name="filterStaffByEmailStatusAndRole" time="4.235"/>
  <testcase classname="com.bounceadmin.testscript.StaffList" name="filterStaffByNameStatusAndRole" time="3.66"/>
  <testcase classname="com.bounceadmin.testscript.StaffList" name="filterStaff" time="4.566"/>
  <testcase classname="com.bounceadmin.testscript.StaffList" name="verifySortForEmail" time="9.488"/>
  <testcase classname="com.bounceadmin.testscript.StaffList" name="verifySortForName" time="9.497"/>
  <testcase classname="com.bounceadmin.testscript.StaffList" name="verifySortForStatus" time="9.404"/>
</testsuite> <!-- List Staff Test -->
