<?xml version="1.0" encoding="UTF-8"?>
<!-- Generated by org.testng.reporters.JUnitXMLReporter -->
<testsuite ignored="0" hostname="HASEEFRAWTHAR" failures="0" tests="52" name="List Nursery Test" time="536.162" errors="0" timestamp="2022-01-23T16:39:12 IST">
  <testcase classname="com.bounceadmin.testscript.ListNursery" name="filterByNurseryName" time="16.464"/>
  <testcase classname="com.bounceadmin.testscript.ListNursery" name="filterByStatus" time="20.964"/>
  <testcase classname="com.bounceadmin.testscript.ListNursery" name="filterByCountry" time="18.539"/>
  <testcase classname="com.bounceadmin.testscript.ListNursery" name="filterByEmail" time="4.212"/>
  <testcase classname="com.bounceadmin.testscript.ListNursery" name="filterByPhoneNumber" time="4.131"/>
  <testcase classname="com.bounceadmin.testscript.ListNursery" name="filterByCountryCode" time="11.094"/>
  <testcase classname="com.bounceadmin.testscript.ListNursery" name="filterByAccess" time="27.562"/>
  <testcase classname="com.bounceadmin.testscript.ListNursery" name="filterByNurseryNameAndStatus" time="11.252"/>
  <testcase classname="com.bounceadmin.testscript.ListNursery" name="filterByNurseryNameAndEmail" time="4.461"/>
  <testcase classname="com.bounceadmin.testscript.ListNursery" name="filterByNurseryNameAndCountry" time="11.554"/>
  <testcase classname="com.bounceadmin.testscript.ListNursery" name="filterByNurseryNameAndCountryCode" time="10.026"/>
  <testcase classname="com.bounceadmin.testscript.ListNursery" name="filterByNurseryNameAndPhone" time="4.234"/>
  <testcase classname="com.bounceadmin.testscript.ListNursery" name="filterByNurseryNameAndAccess" time="11.192"/>
  <testcase classname="com.bounceadmin.testscript.ListNursery" name="filterByStatusAndEmail" time="4.213"/>
  <testcase classname="com.bounceadmin.testscript.ListNursery" name="filterByStatusAndCountry" time="24.423"/>
  <testcase classname="com.bounceadmin.testscript.ListNursery" name="filterByStatusAndCountryCode" time="17.826"/>
  <testcase classname="com.bounceadmin.testscript.ListNursery" name="filterByStatusAndPhone" time="4.208"/>
  <testcase classname="com.bounceadmin.testscript.ListNursery" name="filterByStatusAndAccess" time="35.596"/>
  <testcase classname="com.bounceadmin.testscript.ListNursery" name="filterByEmailAndCountry" time="4.55"/>
  <testcase classname="com.bounceadmin.testscript.ListNursery" name="filterByEmailAndCountryCode" time="3.983"/>
  <testcase classname="com.bounceadmin.testscript.ListNursery" name="filterByEmailAndPhone" time="4.298"/>
  <testcase classname="com.bounceadmin.testscript.ListNursery" name="filterByEmailAndAccess" time="4.243"/>
  <testcase classname="com.bounceadmin.testscript.ListNursery" name="filterByCountryAndCountryCode" time="18.518"/>
  <testcase classname="com.bounceadmin.testscript.ListNursery" name="filterByCountryAndPhone" time="4.086"/>
  <testcase classname="com.bounceadmin.testscript.ListNursery" name="filterByCountryAndAccess" time="29.986"/>
  <testcase classname="com.bounceadmin.testscript.ListNursery" name="filterByCountryCodeAndPhone" time="4.331"/>
  <testcase classname="com.bounceadmin.testscript.ListNursery" name="filterByCountryCodeAndAccess" time="20.384"/>
  <testcase classname="com.bounceadmin.testscript.ListNursery" name="filterByPhoneAndAccess" time="4.506"/>
  <testcase classname="com.bounceadmin.testscript.ListNursery" name="filterByNurseryNameStatusAndEmail" time="4.636"/>
  <testcase classname="com.bounceadmin.testscript.ListNursery" name="filterByNurseryNameStatusAndCountry" time="14.521"/>
  <testcase classname="com.bounceadmin.testscript.ListNursery" name="filterByNurseryNameStatusAndCountryCode" time="12.054"/>
  <testcase classname="com.bounceadmin.testscript.ListNursery" name="filterByNurseryNameStatusAndPhone" time="4.462"/>
  <testcase classname="com.bounceadmin.testscript.ListNursery" name="filterByNurseryNameStatusAndAccess" time="14.274"/>
  <testcase classname="com.bounceadmin.testscript.ListNursery" name="filterByNameEmailAndCountry" time="4.682"/>
  <testcase classname="com.bounceadmin.testscript.ListNursery" name="filterByNameEmailAndCountryCode" time="4.458"/>
  <testcase classname="com.bounceadmin.testscript.ListNursery" name="filterByNameEmailAndPhone" time="4.466"/>
  <testcase classname="com.bounceadmin.testscript.ListNursery" name="filterByStatusEmailAndCountry" time="4.335"/>
  <testcase classname="com.bounceadmin.testscript.ListNursery" name="filterByStatusCountryAndCountryCode" time="22.427"/>
  <testcase classname="com.bounceadmin.testscript.ListNursery" name="filterByStatusCountryAndPhone" time="4.221"/>
  <testcase classname="com.bounceadmin.testscript.ListNursery" name="filterByNameCountryAndPhone" time="4.614"/>
  <testcase classname="com.bounceadmin.testscript.ListNursery" name="filterByEmailCountryAndPhone" time="4.526"/>
  <testcase classname="com.bounceadmin.testscript.ListNursery" name="filterNurseryByNameEmailCountryAndPhone" time="4.881"/>
  <testcase classname="com.bounceadmin.testscript.ListNursery" name="filterNurseryByNameEmailCountryCountrycodeAndPhone" time="5.174"/>
  <testcase classname="com.bounceadmin.testscript.ListNursery" name="filterNurseryByNameStatusCountryPhone" time="4.074"/>
  <testcase classname="com.bounceadmin.testscript.ListNursery" name="filterNurseryByNameStatusEmailCountryCountrycodeAndPhone" time="4.365"/>
  <testcase classname="com.bounceadmin.testscript.ListNursery" name="filterNurseryByStatusEmailCountryCountryCodeAndPhone" time="4.619"/>
  <testcase classname="com.bounceadmin.testscript.ListNursery" name="filterNurseryList" time="4.74"/>
  <testcase classname="com.bounceadmin.testscript.ListNursery" name="verifySortForNurseryName" time="8.204"/>
  <testcase classname="com.bounceadmin.testscript.ListNursery" name="verifySortForNurseryEmail" time="8.236"/>
  <testcase classname="com.bounceadmin.testscript.ListNursery" name="verifySortForCountry" time="8.092"/>
  <testcase classname="com.bounceadmin.testscript.ListNursery" name="verifySortForCreatedDate" time="8.185"/>
  <testcase classname="com.bounceadmin.testscript.ListNursery" name="verifySortForStatus" time="8.283"/>
</testsuite> <!-- List Nursery Test -->
