<?xml version="1.0" encoding="UTF-8"?>
<!-- Generated by org.testng.reporters.JUnitXMLReporter -->
<testsuite ignored="0" hostname="HASEEFRAWTHAR" failures="0" tests="25" name="List Payment Transaction Test" time="673.71" errors="0" timestamp="2022-01-23T16:20:17 IST">
  <testcase classname="com.bounceadmin.testscript.PaymentTransactionsList" name="filterByDate" time="9.274"/>
  <testcase classname="com.bounceadmin.testscript.PaymentTransactionsList" name="filterByFromDate" time="106.407"/>
  <testcase classname="com.bounceadmin.testscript.PaymentTransactionsList" name="filterByToDate" time="16.228"/>
  <testcase classname="com.bounceadmin.testscript.PaymentTransactionsList" name="filterByFromDateAndToDate" time="4.705"/>
  <testcase classname="com.bounceadmin.testscript.PaymentTransactionsList" name="filterByPayMode" time="117.904"/>
  <testcase classname="com.bounceadmin.testscript.PaymentTransactionsList" name="filterByPaymentGateway" time="73.928"/>
  <testcase classname="com.bounceadmin.testscript.PaymentTransactionsList" name="filterByPaymentMethod" time="35.522"/>
  <testcase classname="com.bounceadmin.testscript.PaymentTransactionsList" name="filterByNurseryName" time="5.683"/>
  <testcase classname="com.bounceadmin.testscript.PaymentTransactionsList" name="filterByTransactionStatus" time="59.965"/>
  <testcase classname="com.bounceadmin.testscript.PaymentTransactionsList" name="filterByDepositeStatus" time="0.309"/>
  <testcase classname="com.bounceadmin.testscript.PaymentTransactionsList" name="filterByPaymentGatewayRefId" time="4.646"/>
  <testcase classname="com.bounceadmin.testscript.PaymentTransactionsList" name="filterByPayModeGatewayMethod" time="68.362"/>
  <testcase classname="com.bounceadmin.testscript.PaymentTransactionsList" name="filterByPayModeGatewayMethodTransactionStatus" time="48.861"/>
  <testcase classname="com.bounceadmin.testscript.PaymentTransactionsList" name="filterByPayModeGatewayMethodTransactionStatDepoStat" time="6.847"/>
  <testcase classname="com.bounceadmin.testscript.PaymentTransactionsList" name="verifyPrintClickPrint" time="8.336"/>
  <testcase classname="com.bounceadmin.testscript.PaymentTransactionsList" name="verifyPrintClickCancel" time="2.693"/>
  <testcase classname="com.bounceadmin.testscript.PaymentTransactionsList" name="verifySortForCustomerRefId" time="8.976"/>
  <testcase classname="com.bounceadmin.testscript.PaymentTransactionsList" name="verifySortForBounceId" time="8.982"/>
  <testcase classname="com.bounceadmin.testscript.PaymentTransactionsList" name="verifySortForNurseryName" time="9.539"/>
  <testcase classname="com.bounceadmin.testscript.PaymentTransactionsList" name="verifySortForPayDate" time="9.241"/>
  <testcase classname="com.bounceadmin.testscript.PaymentTransactionsList" name="verifySortForAmount" time="9.207"/>
  <testcase classname="com.bounceadmin.testscript.PaymentTransactionsList" name="verifySortForPayGateway" time="10.822"/>
  <testcase classname="com.bounceadmin.testscript.PaymentTransactionsList" name="verifySortForPayMethod" time="11.02"/>
  <testcase classname="com.bounceadmin.testscript.PaymentTransactionsList" name="verifySortForPayMode" time="10.988"/>
  <testcase classname="com.bounceadmin.testscript.PaymentTransactionsList" name="verifySortForGatewayRefId" time="10.982"/>
</testsuite> <!-- List Payment Transaction Test -->
