<?xml version="1.0" encoding="UTF-8"?>
<!-- Generated by org.testng.reporters.JUnitXMLReporter -->
<testsuite ignored="0" hostname="HASEEFRAWTHAR" failures="0" tests="5" name="Login Test" time="33.389" errors="0" timestamp="2022-01-23T16:08:38 IST">
  <testcase classname="com.bounceadmin.testscript.LogIn" name="invalidEmail" time="3.049"/>
  <testcase classname="com.bounceadmin.testscript.LogIn" name="invalidCredentials" time="2.557"/>
  <testcase classname="com.bounceadmin.testscript.LogIn" name="noCredentials" time="1.113"/>
  <testcase classname="com.bounceadmin.testscript.LogIn" name="validLoginAsBounceAdmin" time="13.546"/>
  <testcase classname="com.bounceadmin.testscript.LogIn" name="validLoginAsDarisniSuperAdmin" time="11.414"/>
</testsuite> <!-- Login Test -->
