<?xml version="1.0" encoding="UTF-8"?>
<!-- Generated by org.testng.reporters.JUnitXMLReporter -->
<testsuite ignored="0" hostname="HASEEFRAWTHAR" failures="0" tests="2" name="Lvc Report Test" time="18.63" errors="0" timestamp="2022-01-23T16:21:45 IST">
  <testcase classname="com.bounceadmin.testscript.LvcReport" name="filterReportByCountry" time="9.311"/>
  <testcase classname="com.bounceadmin.testscript.LvcReport" name="filterReportByNurseryName" time="2.967"/>
</testsuite> <!-- Lvc Report Test -->
