<?xml version="1.0" encoding="UTF-8"?>
<!-- Generated by org.testng.reporters.JUnitXMLReporter -->
<testsuite ignored="0" hostname="HASEEFRAWTHAR" failures="0" tests="4" name="OTP List Test" time="35.488" errors="0" timestamp="2022-01-23T16:29:45 IST">
  <testcase classname="com.bounceadmin.testscript.OTPList" name="verifyHeadersAndfilterByStatus" time="9.795"/>
  <testcase classname="com.bounceadmin.testscript.OTPList" name="filterByPhoneCode" time="3.21"/>
  <testcase classname="com.bounceadmin.testscript.OTPList" name="verifySortForPhoneNumber" time="8.269"/>
  <testcase classname="com.bounceadmin.testscript.OTPList" name="verifySortForCreatedDate" time="8.021"/>
</testsuite> <!-- OTP List Test -->
