<?xml version="1.0" encoding="UTF-8"?>
<!-- Generated by org.testng.reporters.JUnitXMLReporter -->
<testsuite ignored="0" hostname="HASEEFRAWTHAR" failures="0" tests="2" name="Resource Detail Report Test" time="15.4" errors="0" timestamp="2022-01-23T16:22:00 IST">
  <testcase classname="com.bounceadmin.testscript.ResourceDetailReport" name="filterReportByNurseryName" time="7.449"/>
  <testcase classname="com.bounceadmin.testscript.ResourceDetailReport" name="filterReportByCountry" time="2.369"/>
</testsuite> <!-- Resource Detail Report Test -->
