<?xml version="1.0" encoding="UTF-8"?>
<!-- Generated by org.testng.reporters.JUnitXMLReporter -->
<testsuite ignored="0" hostname="HASEEFRAWTHAR" failures="0" tests="5" name="sales and collection" time="41.51" errors="0" timestamp="2022-01-23T16:28:55 IST">
  <testcase classname="com.bounceadmin.testscript.SalesAndCollectionReport" name="filterByCountry" time="11.349"/>
  <testcase classname="com.bounceadmin.testscript.SalesAndCollectionReport" name="filterByNursery" time="4.662"/>
  <testcase classname="com.bounceadmin.testscript.SalesAndCollectionReport" name="filterByCountryNursery" time="4.618"/>
  <testcase classname="com.bounceadmin.testscript.SalesAndCollectionReport" name="verifyPrintClickCancel" time="5.288"/>
  <testcase classname="com.bounceadmin.testscript.SalesAndCollectionReport" name="verifyPrintClickPrint" time="7.675"/>
</testsuite> <!-- sales and collection -->
