<?xml version="1.0" encoding="UTF-8"?>
<!-- Generated by org.testng.reporters.JUnitXMLReporter -->
<testsuite ignored="0" hostname="HASEEFRAWTHAR" failures="0" tests="5" name="sales commission" time="53.539" errors="0" timestamp="2022-01-23T16:28:14 IST">
  <testcase classname="com.bounceadmin.testscript.SalesCommissionReport" name="filterByCountry" time="21.082"/>
  <testcase classname="com.bounceadmin.testscript.SalesCommissionReport" name="filterByNursery" time="4.733"/>
  <testcase classname="com.bounceadmin.testscript.SalesCommissionReport" name="filterByCountryNursery" time="4.59"/>
  <testcase classname="com.bounceadmin.testscript.SalesCommissionReport" name="verifyPrintClickCancel" time="6.287"/>
  <testcase classname="com.bounceadmin.testscript.SalesCommissionReport" name="verifyPrintClickPrint" time="8.87"/>
</testsuite> <!-- sales commission -->
