<?xml version="1.0" encoding="UTF-8"?>
<!-- Generated by org.testng.reporters.JUnitXMLReporter -->
<testsuite ignored="0" hostname="HASEEF" failures="0" tests="4" name="Test" time="16.244" errors="0" timestamp="2021-03-11T14:20:33 IST">
  <testcase classname="com.bounceadmin.testscript.LogIn" name="invalidEmail" time="2.8"/>
  <testcase classname="com.bounceadmin.testscript.LogIn" name="invalidCredentials" time="2.94"/>
  <testcase classname="com.bounceadmin.testscript.LogIn" name="noCredentials" time="2.092"/>
  <testcase classname="com.bounceadmin.testscript.LogIn" name="validLoginAsDarisniAdmin" time="6.535"/>
</testsuite> <!-- Test -->
