<?xml version="1.0" encoding="UTF-8"?>
<!-- Generated by org.testng.reporters.JUnitXMLReporter -->
<testsuite ignored="0" hostname="HASEEF" failures="0" tests="10" name="Transfer List Test" time="59.366" errors="0" timestamp="2021-06-18T12:02:31 IST">
  <testcase classname="com.bounceadmin.testscript.TransferList" name="filterByNurseryName" time="6.668"/>
  <testcase classname="com.bounceadmin.testscript.TransferList" name="filterByDate" time="3.432"/>
  <testcase classname="com.bounceadmin.testscript.TransferList" name="filterByStatus" time="5.131"/>
  <testcase classname="com.bounceadmin.testscript.TransferList" name="verifyPrintClickPrint" time="2.844"/>
  <testcase classname="com.bounceadmin.testscript.TransferList" name="verifyPrintClickCancel" time="2.421"/>
  <testcase classname="com.bounceadmin.testscript.TransferList" name="verifySortForTransferReqId" time="6.61"/>
  <testcase classname="com.bounceadmin.testscript.TransferList" name="verifySortForBankName" time="6.593"/>
  <testcase classname="com.bounceadmin.testscript.TransferList" name="verifySortForBounceCommision" time="6.593"/>
  <testcase classname="com.bounceadmin.testscript.TransferList" name="verifySortForDeduction" time="6.591"/>
  <testcase classname="com.bounceadmin.testscript.TransferList" name="verifySortForAddition" time="6.495"/>
</testsuite> <!-- Transfer List Test -->
